TN:
SF:src\App.tsx
FN:4,App
FNF:1
FNH:1
FNDA:1,App
DA:1,1
DA:2,1
DA:5,1
DA:12,1
LF:4
LH:4
BRF:0
BRH:0
end_of_record
TN:
SF:src\components\ClickCounter.tsx
FN:3,ClickCounter
FN:4,(anonymous_1)
FN:9,(anonymous_2)
FN:18,(anonymous_3)
FN:18,(anonymous_4)
FNF:5
FNH:5
FNDA:2,ClickCounter
FNDA:1,(anonymous_1)
FNDA:2,(anonymous_2)
FNDA:1,(anonymous_3)
FNDA:1,(anonymous_4)
DA:1,2
DA:3,2
DA:4,2
DA:5,1
DA:6,1
DA:9,2
DA:10,2
DA:13,2
DA:18,1
LF:9
LH:9
BRDA:6,0,0,1
BRDA:6,0,1,0
BRF:2
BRH:1
end_of_record
TN:
SF:src\components\ColorPicker.tsx
FN:5,ColorPicker
FN:6,(anonymous_1)
FN:10,(anonymous_2)
FN:19,(anonymous_3)
FNF:4
FNH:4
FNDA:5,ColorPicker
FNDA:3,(anonymous_1)
FNDA:5,(anonymous_2)
FNDA:2,(anonymous_3)
DA:1,1
DA:3,1
DA:5,1
DA:6,5
DA:7,3
DA:10,5
DA:11,5
DA:14,5
DA:19,2
LF:9
LH:9
BRDA:7,0,0,3
BRDA:7,0,1,3
BRF:2
BRH:2
end_of_record
TN:
SF:src\components\CountdownTimer.tsx
FN:3,CountdownTimer
FN:9,(anonymous_10)
FN:14,(anonymous_11)
FN:15,(anonymous_12)
FN:24,(anonymous_13)
FN:25,(anonymous_14)
FN:35,(anonymous_15)
FNF:7
FNH:7
FNDA:13,CountdownTimer
FNDA:3,(anonymous_10)
FNDA:5,(anonymous_11)
FNDA:5,(anonymous_12)
FNDA:3,(anonymous_13)
FNDA:3,(anonymous_14)
FNDA:3,(anonymous_15)
DA:1,1
DA:3,1
DA:4,13
DA:5,13
DA:6,13
DA:7,13
DA:9,13
DA:10,3
DA:11,3
DA:12,3
DA:13,3
DA:14,3
DA:15,5
DA:16,5
DA:17,1
DA:18,1
DA:19,1
DA:24,13
DA:25,3
DA:26,3
DA:30,13
DA:35,3
LF:22
LH:22
BRDA:10,0,0,0
BRDA:10,0,1,3
BRDA:10,1,0,3
BRDA:10,1,1,3
BRDA:13,2,0,0
BRDA:13,2,1,3
BRDA:16,3,0,4
BRDA:16,3,1,1
BRDA:16,4,0,5
BRDA:16,4,1,4
BRDA:17,5,0,1
BRDA:17,5,1,0
BRDA:26,6,0,3
BRDA:26,6,1,0
BRDA:39,7,0,13
BRDA:39,7,1,8
BRDA:43,8,0,7
BRDA:43,8,1,6
BRF:18
BRH:14
end_of_record
TN:
SF:src\components\DigitalClock.tsx
FN:3,(anonymous_0)
FN:5,DigitalClock
FN:8,(anonymous_2)
FN:9,(anonymous_3)
FN:10,(anonymous_4)
FNF:5
FNH:5
FNDA:9,(anonymous_0)
FNDA:3,DigitalClock
FNDA:2,(anonymous_2)
FNDA:2,(anonymous_3)
FNDA:2,(anonymous_4)
DA:1,1
DA:3,9
DA:5,1
DA:6,3
DA:8,3
DA:9,2
DA:10,2
DA:13,3
DA:14,3
DA:15,3
DA:17,3
LF:11
LH:11
BRF:0
BRH:0
end_of_record
TN:
SF:src\components\Layout.tsx
FN:5,Layout
FNF:1
FNH:1
FNDA:1,Layout
DA:1,1
DA:2,1
DA:3,1
DA:5,1
DA:6,1
LF:5
LH:5
BRF:0
BRH:0
end_of_record
TN:
SF:src\components\MultiplicationTable.tsx
FN:4,MultiplicationTable
FN:8,(anonymous_1)
FN:10,(anonymous_2)
FN:25,(anonymous_3)
FN:39,(anonymous_4)
FNF:5
FNH:5
FNDA:4,MultiplicationTable
FNDA:2,(anonymous_1)
FNDA:10,(anonymous_2)
FNDA:1,(anonymous_3)
FNDA:10,(anonymous_4)
DA:2,2
DA:4,2
DA:5,4
DA:6,4
DA:8,4
DA:9,2
DA:10,10
DA:11,1
DA:12,1
DA:15,4
DA:25,1
DA:40,10
LF:12
LH:12
BRDA:9,0,0,1
BRDA:9,0,1,1
BRDA:9,1,0,2
BRDA:9,1,1,1
BRDA:24,2,0,4
BRDA:24,2,1,2
BRDA:35,3,0,4
BRDA:35,3,1,1
BRF:8
BRH:8
end_of_record
TN:
SF:src\components\Navbar.tsx
FN:4,(anonymous_0)
FN:6,(anonymous_1)
FN:17,(anonymous_2)
FNF:3
FNH:2
FNDA:3,(anonymous_0)
FNDA:3,(anonymous_1)
FNDA:0,(anonymous_2)
DA:2,2
DA:4,2
DA:6,3
DA:7,3
DA:8,3
DA:10,3
DA:11,0
DA:12,3
DA:13,0
DA:17,3
DA:18,0
DA:19,0
DA:20,0
DA:22,0
DA:25,3
DA:51,2
LF:16
LH:10
BRDA:10,0,0,0
BRDA:10,0,1,3
BRDA:12,1,0,0
BRDA:12,1,1,3
BRDA:19,2,0,0
BRDA:19,2,1,0
BRF:6
BRH:2
end_of_record
TN:
SF:src\components\PasswordValidator.tsx
FN:3,PasswordValidator
FN:10,(anonymous_1)
FN:14,(anonymous_2)
FN:18,(anonymous_3)
FN:33,(anonymous_4)
FN:41,(anonymous_5)
FNF:6
FNH:6
FNDA:5,PasswordValidator
FNDA:5,(anonymous_1)
FNDA:5,(anonymous_2)
FNDA:5,(anonymous_3)
FNDA:2,(anonymous_4)
FNDA:15,(anonymous_5)
DA:1,2
DA:3,2
DA:4,5
DA:7,5
DA:10,5
DA:14,5
DA:18,5
DA:22,5
DA:33,2
DA:42,15
DA:43,15
DA:44,15
LF:12
LH:12
BRDA:48,0,0,5
BRDA:48,0,1,10
BRDA:51,1,0,5
BRDA:51,1,1,10
BRF:4
BRH:4
end_of_record
TN:
SF:src\components\SearchList.tsx
FN:5,SearchList
FN:7,(anonymous_1)
FN:15,(anonymous_2)
FN:22,(anonymous_3)
FNF:4
FNH:4
FNDA:5,SearchList
FNDA:40,(anonymous_1)
FNDA:2,(anonymous_2)
FNDA:26,(anonymous_3)
DA:1,1
DA:3,1
DA:5,1
DA:6,5
DA:7,40
DA:9,5
DA:15,2
DA:22,26
LF:8
LH:8
BRDA:19,0,0,1
BRDA:19,0,1,4
BRF:2
BRH:2
end_of_record
TN:
SF:src\components\Sidebar.tsx
FN:16,Sidebar
FN:20,(anonymous_1)
FN:24,(anonymous_2)
FNF:3
FNH:3
FNDA:1,Sidebar
FNDA:5,(anonymous_1)
FNDA:5,(anonymous_2)
DA:1,1
DA:8,1
DA:16,1
DA:17,1
DA:21,5
DA:25,5
LF:6
LH:6
BRDA:27,0,0,1
BRDA:27,0,1,4
BRF:2
BRH:2
end_of_record
TN:
SF:src\components\TodoList.tsx
FN:3,TodoList
FN:7,(anonymous_1)
FN:9,(anonymous_2)
FN:13,(anonymous_3)
FN:14,(anonymous_4)
FN:14,(anonymous_5)
FN:25,(anonymous_6)
FN:38,(anonymous_7)
FN:45,(anonymous_8)
FNF:9
FNH:9
FNDA:16,TodoList
FNDA:6,(anonymous_1)
FNDA:5,(anonymous_2)
FNDA:2,(anonymous_3)
FNDA:2,(anonymous_4)
FNDA:4,(anonymous_5)
FNDA:5,(anonymous_6)
FNDA:13,(anonymous_7)
FNDA:2,(anonymous_8)
DA:1,2
DA:3,2
DA:4,16
DA:5,16
DA:7,16
DA:8,6
DA:9,5
DA:10,5
DA:13,16
DA:14,4
DA:17,16
DA:25,5
DA:39,13
DA:45,2
LF:14
LH:14
BRDA:8,0,0,1
BRDA:8,0,1,5
BRF:2
BRH:2
end_of_record
TN:
SF:src\components\UnitConverter.tsx
FN:3,UnitConverter
FN:7,(anonymous_1)
FN:26,(anonymous_2)
FNF:3
FNH:3
FNDA:4,UnitConverter
FNDA:1,(anonymous_1)
FNDA:1,(anonymous_2)
DA:1,2
DA:3,2
DA:4,4
DA:5,4
DA:7,4
DA:8,1
DA:9,1
DA:10,1
DA:13,4
DA:26,1
LF:10
LH:10
BRDA:8,0,0,0
BRDA:8,0,1,1
BRDA:8,1,0,1
BRDA:8,1,1,1
BRDA:25,2,0,4
BRDA:25,2,1,2
BRDA:42,3,0,1
BRDA:42,3,1,3
BRF:8
BRH:7
end_of_record
TN:
SF:src\routes\AppRoutes.tsx
FN:17,AppRoutes
FNF:1
FNH:1
FNDA:1,AppRoutes
DA:1,1
DA:2,1
DA:5,1
DA:6,1
DA:7,1
DA:8,1
DA:9,1
DA:10,1
DA:11,1
DA:12,1
DA:13,1
DA:14,1
DA:15,1
DA:17,1
DA:18,1
LF:15
LH:15
BRF:0
BRH:0
end_of_record
TN:
SF:src\views\ContadorClics.tsx
FN:2,ContadorClics
FNF:1
FNH:0
FNDA:0,ContadorClics
DA:1,1
DA:2,1
DA:3,0
LF:3
LH:2
BRF:0
BRH:0
end_of_record
TN:
SF:src\views\ConversorUnid.tsx
FN:2,ConversorUnid
FNF:1
FNH:0
FNDA:0,ConversorUnid
DA:1,1
DA:2,1
DA:3,0
LF:3
LH:2
BRF:0
BRH:0
end_of_record
TN:
SF:src\views\GeometryExplorer.tsx
FN:4,GeometryExplorer
FN:12,(anonymous_10)
FN:51,(anonymous_11)
FN:62,(anonymous_12)
FN:69,(anonymous_13)
FN:78,(anonymous_14)
FN:82,(anonymous_15)
FN:99,(anonymous_16)
FNF:8
FNH:0
FNDA:0,GeometryExplorer
FNDA:0,(anonymous_10)
FNDA:0,(anonymous_11)
FNDA:0,(anonymous_12)
FNDA:0,(anonymous_13)
FNDA:0,(anonymous_14)
FNDA:0,(anonymous_15)
FNDA:0,(anonymous_16)
DA:1,1
DA:2,1
DA:4,1
DA:5,0
DA:6,0
DA:7,0
DA:8,0
DA:9,0
DA:12,0
DA:13,0
DA:16,0
DA:17,0
DA:20,0
DA:26,0
DA:29,0
DA:30,0
DA:31,0
DA:32,0
DA:35,0
DA:36,0
DA:37,0
DA:38,0
DA:41,0
DA:42,0
DA:43,0
DA:46,0
DA:47,0
DA:48,0
DA:51,0
DA:52,0
DA:53,0
DA:54,0
DA:55,0
DA:57,0
DA:59,0
DA:62,0
DA:63,0
DA:64,0
DA:69,0
DA:70,0
DA:71,0
DA:78,0
DA:79,0
DA:82,0
DA:83,0
DA:86,0
DA:99,0
LF:47
LH:3
BRDA:13,0,0,0
BRDA:13,0,1,0
BRDA:53,1,0,0
BRDA:53,1,1,0
BRDA:53,2,0,0
BRDA:53,2,1,0
BRDA:70,3,0,0
BRDA:70,3,1,0
BRDA:79,4,0,0
BRDA:79,4,1,0
BRDA:83,5,0,0
BRDA:83,5,1,0
BRDA:102,6,0,0
BRDA:102,6,1,0
BRF:14
BRH:0
end_of_record
TN:
SF:src\views\HomePage.tsx
FN:3,HomeContent
FNF:1
FNH:1
FNDA:1,HomeContent
DA:1,1
DA:3,1
DA:4,1
LF:3
LH:3
BRF:0
BRH:0
end_of_record
TN:
SF:src\views\LayoutsView.tsx
FN:3,LayoutsView
FN:40,(anonymous_1)
FNF:2
FNH:0
FNDA:0,LayoutsView
FNDA:0,(anonymous_1)
DA:3,1
DA:4,0
DA:41,0
LF:3
LH:1
BRF:0
BRH:0
end_of_record
TN:
SF:src\views\ListaTareas.tsx
FN:2,ListaTareas
FNF:1
FNH:0
FNDA:0,ListaTareas
DA:1,1
DA:2,1
DA:3,0
LF:3
LH:2
BRF:0
BRH:0
end_of_record
TN:
SF:src\views\SettingsView.tsx
FN:3,SettingsView
FNF:1
FNH:0
FNDA:0,SettingsView
DA:3,1
DA:4,0
LF:2
LH:1
BRF:0
BRH:0
end_of_record
TN:
SF:src\views\SpeechDemoView.tsx
FN:4,SpeechDemoView
FN:13,(anonymous_1)
FN:14,populateVoices
FN:16,(anonymous_3)
FN:29,(anonymous_4)
FN:36,(anonymous_5)
FN:40,(anonymous_6)
FN:77,(anonymous_7)
FN:79,(anonymous_8)
FN:98,(anonymous_9)
FN:114,(anonymous_10)
FN:123,(anonymous_11)
FN:132,(anonymous_12)
FNF:13
FNH:0
FNDA:0,SpeechDemoView
FNDA:0,(anonymous_1)
FNDA:0,populateVoices
FNDA:0,(anonymous_3)
FNDA:0,(anonymous_4)
FNDA:0,(anonymous_5)
FNDA:0,(anonymous_6)
FNDA:0,(anonymous_7)
FNDA:0,(anonymous_8)
FNDA:0,(anonymous_9)
FNDA:0,(anonymous_10)
FNDA:0,(anonymous_11)
FNDA:0,(anonymous_12)
DA:2,1
DA:4,1
DA:5,0
DA:6,0
DA:7,0
DA:8,0
DA:10,0
DA:13,0
DA:15,0
DA:16,0
DA:17,0
DA:19,0
DA:20,0
DA:21,0
DA:22,0
DA:26,0
DA:27,0
DA:29,0
DA:30,0
DA:31,0
DA:36,0
DA:37,0
DA:38,0
DA:39,0
DA:40,0
DA:42,0
DA:43,0
DA:44,0
DA:45,0
DA:48,0
DA:54,0
DA:77,0
DA:80,0
DA:98,0
DA:114,0
DA:124,0
DA:132,0
LF:37
LH:2
BRDA:19,0,0,0
BRDA:19,0,1,0
BRDA:21,1,0,0
BRDA:21,1,1,0
BRDA:21,2,0,0
BRDA:21,2,1,0
BRDA:37,3,0,0
BRDA:37,3,1,0
BRDA:40,4,0,0
BRDA:40,4,1,0
BRDA:44,5,0,0
BRDA:44,5,1,0
BRF:12
BRH:0
end_of_record
TN:
SF:src\views\TablasMul.tsx
FN:3,TablasMul
FNF:1
FNH:0
FNDA:0,TablasMul
DA:2,1
DA:3,1
DA:4,0
LF:3
LH:2
BRF:0
BRH:0
end_of_record
TN:
SF:src\views\ThreeDemoView.tsx
FN:5,ThreeDemoView
FN:9,(anonymous_10)
FN:48,(anonymous_11)
FN:58,(anonymous_12)
FN:69,(anonymous_13)
FN:77,(anonymous_14)
FN:82,(anonymous_15)
FN:93,(anonymous_16)
FN:99,(anonymous_17)
FN:105,(anonymous_18)
FNF:10
FNH:0
FNDA:0,ThreeDemoView
FNDA:0,(anonymous_10)
FNDA:0,(anonymous_11)
FNDA:0,(anonymous_12)
FNDA:0,(anonymous_13)
FNDA:0,(anonymous_14)
FNDA:0,(anonymous_15)
FNDA:0,(anonymous_16)
FNDA:0,(anonymous_17)
FNDA:0,(anonymous_18)
DA:2,1
DA:3,1
DA:5,1
DA:6,0
DA:7,0
DA:9,0
DA:10,0
DA:12,0
DA:15,0
DA:16,0
DA:17,0
DA:18,0
DA:19,0
DA:22,0
DA:23,0
DA:29,0
DA:30,0
DA:33,0
DA:34,0
DA:35,0
DA:36,0
DA:39,0
DA:40,0
DA:41,0
DA:42,0
DA:43,0
DA:44,0
DA:47,0
DA:48,0
DA:49,0
DA:50,0
DA:51,0
DA:52,0
DA:53,0
DA:55,0
DA:58,0
DA:59,0
DA:60,0
DA:61,0
DA:62,0
DA:63,0
DA:65,0
DA:66,0
DA:69,0
DA:70,0
DA:71,0
DA:72,0
DA:73,0
DA:77,0
DA:78,0
DA:82,0
DA:83,0
DA:84,0
DA:88,0
DA:93,0
DA:99,0
DA:105,0
LF:57
LH:3
BRDA:10,0,0,0
BRDA:10,0,1,0
BRDA:49,1,0,0
BRDA:49,1,1,0
BRDA:78,2,0,0
BRDA:78,2,1,0
BRDA:84,3,0,0
BRDA:84,3,1,0
BRF:8
BRH:0
end_of_record
TN:
SF:src\views\ValidContrasena.tsx
FN:2,ValidContrasena
FNF:1
FNH:0
FNDA:0,ValidContrasena
DA:1,1
DA:2,1
DA:3,0
LF:3
LH:2
BRF:0
BRH:0
end_of_record
